<?xml version="1.0" encoding="UTF-8"?>
<!-- Generated by org.testng.reporters.JUnitReportReporter -->
<testsuite hostname="DESKTOP-K6D606K" name="Project.validateTitle" tests="2" failures="0" timestamp="27 May 2018 02:54:14 GMT" time="0.144" errors="0">
  <testcase name="titleTextValidation" time="0.048" classname="Project.validateTitle"/>
  <testcase name="navbarPresent" time="0.096" classname="Project.validateTitle"/>
</testsuite> <!-- Project.validateTitle -->
