<?xml version="1.0" encoding="UTF-8"?>
<!-- Generated by org.testng.reporters.JUnitReportReporter -->
<testsuite hostname="DESKTOP-K6D606K" name="Project.HomePage" tests="2" failures="0" timestamp="26 May 2018 21:52:55 GMT" time="14.215" errors="0">
  <testcase name="loginButton" time="2.499" classname="Project.HomePage"/>
  <testcase name="basePageNavigation" time="11.716" classname="Project.HomePage"/>
</testsuite> <!-- Project.HomePage -->
