<?xml version="1.0" encoding="UTF-8"?>
<!-- Generated by org.testng.reporters.JUnitReportReporter -->
<testsuite hostname="DESKTOP-K6D606K" name="Project.LoginPageTest" tests="2" failures="0" timestamp="27 May 2018 03:00:37 GMT" time="5.593" errors="0">
  <testcase name="enterLogin" time="2.857" classname="Project.LoginPageTest"/>
  <testcase name="enterLogin" time="2.736" classname="Project.LoginPageTest"/>
</testsuite> <!-- Project.LoginPageTest -->
