<?xml version="1.0" encoding="UTF-8"?>
<!-- Generated by org.testng.reporters.JUnitReportReporter -->
<testsuite hostname="DESKTOP-K6D606K" name="Project.HomePageTest" tests="2" failures="0" timestamp="27 May 2018 03:00:37 GMT" time="0.153" errors="0">
  <testcase name="navbarPresent" time="0.102" classname="Project.HomePageTest"/>
  <testcase name="titleTextValidation" time="0.051" classname="Project.HomePageTest"/>
</testsuite> <!-- Project.HomePageTest -->
